<?xml version="1.0" encoding="UTF-8"?>
<!-- Generated by org.testng.reporters.JUnitXMLReporter -->
<testsuite ignored="0" hostname="VKPRABHU-mac" failures="0" tests="12" name="Free CRM App Test Cases" time="362.802" errors="0" timestamp="2024-05-01T10:49:01 IST">
  <testcase classname="com.crm.qa.testcases.LoginPageTest" name="validateLoginPageTitletest" time="0.193"/>
  <testcase classname="com.crm.qa.testcases.LoginPageTest" name="validatefreecrmLinkTest" time="0.405"/>
  <testcase classname="com.crm.qa.testcases.LoginPageTest" name="validatePricingLinkTest" time="8.329"/>
  <testcase classname="com.crm.qa.testcases.LoginPageTest" name="EnterLoginCredentialsTest" time="12.956"/>
  <testcase classname="com.crm.qa.testcases.LoginPageTest" name="LogoutTest" time="25.675"/>
  <testcase classname="com.crm.qa.testcases.HomePageTest" name="validateHomePageTitle" time="0.035"/>
  <testcase classname="com.crm.qa.testcases.HomePageTest" name="validateloggedinUserName" time="0.224"/>
  <testcase classname="com.crm.qa.testcases.HomePageTest" name="validateclickContacts" time="2.86"/>
  <testcase classname="com.crm.qa.testcases.HomePageTest" name="validateclickDeals" time="3.567"/>
  <testcase classname="com.crm.qa.testcases.HomePageTest" name="validateclickTasks" time="2.508"/>
  <testcase classname="com.crm.qa.testcases.ContactsPageTest" name="validateContactspage" time="2.617"/>
  <testcase classname="com.crm.qa.testcases.ContactsPageTest" name="validateEnterNewConactsDetails" time="51.637"/>
</testsuite> <!-- Free CRM App Test Cases -->
