<?xml version="1.0" encoding="UTF-8"?>
<!-- Generated by org.testng.reporters.JUnitXMLReporter -->
<testsuite ignored="10" hostname="VKPRABHU-mac" failures="0" tests="2" name="Surefire test" time="31.519" errors="0" timestamp="2024-10-28T12:43:48 IST">
  <testcase classname="com.crm.qa.testcases.LoginPageTest" name="validateLoginPageTitletest" time="0.281"/>
  <testcase classname="com.crm.qa.testcases.LoginPageTest" name="validatefreecrmLinkTest" time="0.462"/>
  <testcase classname="com.crm.qa.testcases.ContactsPageTest" name="validateContactspage" time="0.0">
    <ignored/>
  </testcase> <!-- validateContactspage -->
  <testcase classname="com.crm.qa.testcases.LoginPageTest" name="validatePricingLinkTest" time="0.0">
    <ignored/>
  </testcase> <!-- validatePricingLinkTest -->
  <testcase classname="com.crm.qa.testcases.LoginPageTest" name="EnterLoginCredentialsTest" time="0.0">
    <ignored/>
  </testcase> <!-- EnterLoginCredentialsTest -->
  <testcase classname="com.crm.qa.testcases.HomePageTest" name="validateclickDeals" time="0.0">
    <ignored/>
  </testcase> <!-- validateclickDeals -->
  <testcase classname="com.crm.qa.testcases.HomePageTest" name="validateclickTasks" time="0.0">
    <ignored/>
  </testcase> <!-- validateclickTasks -->
  <testcase classname="com.crm.qa.testcases.LoginPageTest" name="LogoutTest" time="0.0">
    <ignored/>
  </testcase> <!-- LogoutTest -->
  <testcase classname="com.crm.qa.testcases.HomePageTest" name="validateclickContacts" time="0.0">
    <ignored/>
  </testcase> <!-- validateclickContacts -->
  <testcase classname="com.crm.qa.testcases.ContactsPageTest" name="validateEnterNewConactsDetails" time="0.0">
    <ignored/>
  </testcase> <!-- validateEnterNewConactsDetails -->
  <testcase classname="com.crm.qa.testcases.HomePageTest" name="validateloggedinUserName" time="0.0">
    <ignored/>
  </testcase> <!-- validateloggedinUserName -->
  <testcase classname="com.crm.qa.testcases.HomePageTest" name="validateHomePageTitle" time="0.0">
    <ignored/>
  </testcase> <!-- validateHomePageTitle -->
</testsuite> <!-- Surefire test -->
