<?xml version="1.0" encoding="UTF-8"?>
<!-- Generated by org.testng.reporters.JUnitXMLReporter -->
<testsuite ignored="1" hostname="VKPRABHU-mac" failures="0" tests="3" name="Default test" time="267.562" errors="0" timestamp="2024-05-01T12:06:14 IST">
  <testcase classname="com.crm.qa.testcases.ContactsPageTest" name="validateEnterNewConactsDetails" time="53.317"/>
  <testcase classname="com.crm.qa.testcases.ContactsPageTest" name="validateEnterNewConactsDetails" time="51.59"/>
  <testcase classname="com.crm.qa.testcases.ContactsPageTest" name="validateEnterNewConactsDetails" time="52.786"/>
  <testcase classname="com.crm.qa.testcases.ContactsPageTest" name="validateContactspage" time="0.0">
    <ignored/>
  </testcase> <!-- validateContactspage -->
</testsuite> <!-- Default test -->
