<?xml version="1.0" encoding="UTF-8"?>
<testng-results ignored="0" total="1" passed="1" failed="0" skipped="0">
  <reporter-output>
  </reporter-output>
  <suite started-at="2024-10-28T21:37:41 IST" name="Surefire suite" finished-at="2024-10-28T21:37:57 IST" duration-ms="15542">
    <groups>
    </groups>
    <test started-at="2024-10-28T21:37:41 IST" name="Surefire test" finished-at="2024-10-28T21:37:57 IST" duration-ms="15542">
      <class name="com.crm.qa.testcases.LoginPageTest">
        <test-method is-config="true" signature="setup()[pri:0, instance:com.crm.qa.testcases.LoginPageTest@448ff1a8]" started-at="2024-10-28T21:37:41 IST" name="setup" finished-at="2024-10-28T21:37:56 IST" duration-ms="15122" status="PASS">
          <reporter-output>
          </reporter-output>
        </test-method> <!-- setup -->
        <test-method signature="validateLoginPageTitletest()[pri:1, instance:com.crm.qa.testcases.LoginPageTest@448ff1a8]" started-at="2024-10-28T21:37:56 IST" name="validateLoginPageTitletest" finished-at="2024-10-28T21:37:57 IST" duration-ms="282" status="PASS">
          <reporter-output>
          </reporter-output>
        </test-method> <!-- validateLoginPageTitletest -->
        <test-method is-config="true" signature="teardown()[pri:0, instance:com.crm.qa.testcases.LoginPageTest@448ff1a8]" started-at="2024-10-28T21:37:57 IST" name="teardown" finished-at="2024-10-28T21:37:57 IST" duration-ms="124" status="PASS">
          <reporter-output>
          </reporter-output>
        </test-method> <!-- teardown -->
      </class> <!-- com.crm.qa.testcases.LoginPageTest -->
    </test> <!-- Surefire test -->
  </suite> <!-- Surefire suite -->
</testng-results>
