<?xml version="1.0" encoding="UTF-8"?>
<testsuite xmlns:xsi="http://www.w3.org/2001/XMLSchema-instance" xsi:noNamespaceSchemaLocation="https://maven.apache.org/surefire/maven-surefire-plugin/xsd/surefire-test-report.xsd" name="TestSuite" time="629.263" tests="14" errors="0" skipped="0" failures="1">
  <properties>
[...]
</properties>
  <testcase name="validateContactspage" classname="com.crm.qa.testcases.ContactsPageTest" time="3.26"/>
  <testcase name="validateEnterNewConactsDetails" classname="com.crm.qa.testcases.ContactsPageTest" time="53.601"/>
  <testcase name="validateEnterNewConactsDetails" classname="com.crm.qa.testcases.ContactsPageTest" time="52.789"/>
  <testcase name="validateEnterNewConactsDetails" classname="com.crm.qa.testcases.ContactsPageTest" time="53.209"/>
  <testcase name="validateHomePageTitle" classname="com.crm.qa.testcases.HomePageTest" time="0.038"/>
  <testcase name="validateloggedinUserName" classname="com.crm.qa.testcases.HomePageTest" time="0.248"/>
  <testcase name="validateclickContacts" classname="com.crm.qa.testcases.HomePageTest" time="3.01"/>
  <testcase name="validateclickDeals" classname="com.crm.qa.testcases.HomePageTest" time="3.333"/>
  <testcase name="validateclickTasks" classname="com.crm.qa.testcases.HomePageTest" time="2.944"/>
  <testcase name="validateLoginPageTitletest" classname="com.crm.qa.testcases.LoginPageTest" time="0.214"/>
  <testcase name="validatefreecrmLinkTest" classname="com.crm.qa.testcases.LoginPageTest" time="0.426"/>
  <testcase name="validatePricingLinkTest" classname="com.crm.qa.testcases.LoginPageTest" time="10.727"/>
  <testcase name="EnterLoginCredentialsTest" classname="com.crm.qa.testcases.LoginPageTest" time="16.616"/>
  <testcase name="LogoutTest" classname="com.crm.qa.testcases.LoginPageTest" time="47.899">
    <failure message="no such element: Unable to locate element: {&quot;method&quot;:&quot;xpath&quot;,&quot;selector&quot;:&quot;//a[@class=&apos;navbar-brand&apos;]&quot;}&#10;  (Session info: chrome=130.0.6723.70)&#10;For documentation on this error, please visit: https://www.selenium.dev/documentation/webdriver/troubleshooting/errors#no-such-element-exception&#10;Build info: version: &apos;4.19.1&apos;, revision: &apos;abe0ee07dc&apos;&#10;System info: os.name: &apos;Mac OS X&apos;, os.arch: &apos;aarch64&apos;, os.version: &apos;14.5&apos;, java.version: &apos;21.0.1&apos;&#10;Driver info: org.openqa.selenium.chrome.ChromeDriver&#10;Command: [44ea807d0a4a76e712fc1b50c415b8aa, findElement {value=//a[@class=&apos;navbar-brand&apos;], using=xpath}]&#10;Capabilities {acceptInsecureCerts: false, browserName: chrome, browserVersion: 130.0.6723.70, chrome: {chromedriverVersion: 130.0.6723.69 (3ec172b971b9..., userDataDir: /var/folders/zr/n2hh0m317vj...}, fedcm:accounts: true, goog:chromeOptions: {debuggerAddress: localhost:57874}, networkConnectionEnabled: false, pageLoadStrategy: normal, platformName: mac, proxy: Proxy(), se:cdp: ws://localhost:57874/devtoo..., se:cdpVersion: 130.0.6723.70, setWindowRect: true, strictFileInteractability: false, timeouts: {implicit: 0, pageLoad: 300000, script: 30000}, unhandledPromptBehavior: dismiss and notify, webauthn:extension:credBlob: true, webauthn:extension:largeBlob: true, webauthn:extension:minPinLength: true, webauthn:extension:prf: true, webauthn:virtualAuthenticators: true}&#10;Session ID: 44ea807d0a4a76e712fc1b50c415b8aa" type="org.openqa.selenium.NoSuchElementException">org.openqa.selenium.NoSuchElementException: 
no such element: Unable to locate element: {"method":"xpath","selector":"//a[@class='navbar-brand']"}
  (Session info: chrome=130.0.6723.70)
For documentation on this error, please visit: https://www.selenium.dev/documentation/webdriver/troubleshooting/errors#no-such-element-exception
Build info: version: '4.19.1', revision: 'abe0ee07dc'
System info: os.name: 'Mac OS X', os.arch: 'aarch64', os.version: '14.5', java.version: '21.0.1'
Driver info: org.openqa.selenium.chrome.ChromeDriver
Command: [44ea807d0a4a76e712fc1b50c415b8aa, findElement {value=//a[@class='navbar-brand'], using=xpath}]
Capabilities {acceptInsecureCerts: false, browserName: chrome, browserVersion: 130.0.6723.70, chrome: {chromedriverVersion: 130.0.6723.69 (3ec172b971b9..., userDataDir: /var/folders/zr/n2hh0m317vj...}, fedcm:accounts: true, goog:chromeOptions: {debuggerAddress: localhost:57874}, networkConnectionEnabled: false, pageLoadStrategy: normal, platformName: mac, proxy: Proxy(), se:cdp: ws://localhost:57874/devtoo..., se:cdpVersion: 130.0.6723.70, setWindowRect: true, strictFileInteractability: false, timeouts: {implicit: 0, pageLoad: 300000, script: 30000}, unhandledPromptBehavior: dismiss and notify, webauthn:extension:credBlob: true, webauthn:extension:largeBlob: true, webauthn:extension:minPinLength: true, webauthn:extension:prf: true, webauthn:virtualAuthenticators: true}
Session ID: 44ea807d0a4a76e712fc1b50c415b8aa
	at com.crm.qa.testcases.LoginPageTest.LogoutTest(LoginPageTest.java:60)
</failure>
    <system-err><![CDATA[Oct 24, 2024 10:32:37 AM org.openqa.selenium.devtools.CdpVersionFinder findNearestMatch
WARNING: Unable to find CDP implementation matching 130
Oct 24, 2024 10:32:37 AM org.openqa.selenium.chromium.ChromiumDriver lambda$new$5
WARNING: Unable to find version of CDP to use for 130.0.6723.70. You may need to include a dependency on a specific version of the CDP using something similar to `org.seleniumhq.selenium:selenium-devtools-v86:4.19.1` where the version ("v86") matches the version of the chromium-based browser you're using and the version number of the artifact is the same as Selenium's.
]]></system-err>
  </testcase>
</testsuite>