<?xml version="1.0" encoding="UTF-8"?>
<testng-results ignored="0" total="14" passed="13" failed="1" skipped="0">
  <reporter-output>
  </reporter-output>
  <suite started-at="2024-10-24T10:23:08 IST" name="Surefire suite" finished-at="2024-10-24T10:33:37 IST" duration-ms="629098">
    <groups>
    </groups>
    <test started-at="2024-10-24T10:23:08 IST" name="Surefire test" finished-at="2024-10-24T10:33:37 IST" duration-ms="629098">
      <class name="com.crm.qa.testcases.HomePageTest">
        <test-method is-config="true" signature="setup()[pri:0, instance:com.crm.qa.testcases.HomePageTest@61009542]" started-at="2024-10-24T10:28:06 IST" name="setup" finished-at="2024-10-24T10:28:38 IST" duration-ms="32416" status="PASS">
          <reporter-output>
          </reporter-output>
        </test-method> <!-- setup -->
        <test-method signature="validateHomePageTitle()[pri:1, instance:com.crm.qa.testcases.HomePageTest@61009542]" started-at="2024-10-24T10:28:38 IST" name="validateHomePageTitle" finished-at="2024-10-24T10:28:38 IST" duration-ms="38" status="PASS">
          <reporter-output>
          </reporter-output>
        </test-method> <!-- validateHomePageTitle -->
        <test-method is-config="true" signature="teardown()[pri:0, instance:com.crm.qa.testcases.HomePageTest@61009542]" started-at="2024-10-24T10:28:38 IST" name="teardown" finished-at="2024-10-24T10:28:39 IST" duration-ms="128" status="PASS">
          <reporter-output>
          </reporter-output>
        </test-method> <!-- teardown -->
        <test-method is-config="true" signature="setup()[pri:0, instance:com.crm.qa.testcases.HomePageTest@61009542]" started-at="2024-10-24T10:28:39 IST" name="setup" finished-at="2024-10-24T10:29:11 IST" duration-ms="32607" status="PASS">
          <reporter-output>
          </reporter-output>
        </test-method> <!-- setup -->
        <test-method signature="validateloggedinUserName()[pri:2, instance:com.crm.qa.testcases.HomePageTest@61009542]" started-at="2024-10-24T10:29:11 IST" name="validateloggedinUserName" finished-at="2024-10-24T10:29:11 IST" duration-ms="248" status="PASS">
          <reporter-output>
          </reporter-output>
        </test-method> <!-- validateloggedinUserName -->
        <test-method is-config="true" signature="teardown()[pri:0, instance:com.crm.qa.testcases.HomePageTest@61009542]" started-at="2024-10-24T10:29:11 IST" name="teardown" finished-at="2024-10-24T10:29:12 IST" duration-ms="137" status="PASS">
          <reporter-output>
          </reporter-output>
        </test-method> <!-- teardown -->
        <test-method is-config="true" signature="setup()[pri:0, instance:com.crm.qa.testcases.HomePageTest@61009542]" started-at="2024-10-24T10:29:12 IST" name="setup" finished-at="2024-10-24T10:29:43 IST" duration-ms="31485" status="PASS">
          <reporter-output>
          </reporter-output>
        </test-method> <!-- setup -->
        <test-method signature="validateclickContacts()[pri:3, instance:com.crm.qa.testcases.HomePageTest@61009542]" started-at="2024-10-24T10:29:43 IST" name="validateclickContacts" finished-at="2024-10-24T10:29:46 IST" duration-ms="3010" status="PASS">
          <reporter-output>
          </reporter-output>
        </test-method> <!-- validateclickContacts -->
        <test-method is-config="true" signature="teardown()[pri:0, instance:com.crm.qa.testcases.HomePageTest@61009542]" started-at="2024-10-24T10:29:46 IST" name="teardown" finished-at="2024-10-24T10:29:46 IST" duration-ms="138" status="PASS">
          <reporter-output>
          </reporter-output>
        </test-method> <!-- teardown -->
        <test-method is-config="true" signature="setup()[pri:0, instance:com.crm.qa.testcases.HomePageTest@61009542]" started-at="2024-10-24T10:29:46 IST" name="setup" finished-at="2024-10-24T10:30:17 IST" duration-ms="31266" status="PASS">
          <reporter-output>
          </reporter-output>
        </test-method> <!-- setup -->
        <test-method signature="validateclickDeals()[pri:4, instance:com.crm.qa.testcases.HomePageTest@61009542]" started-at="2024-10-24T10:30:17 IST" name="validateclickDeals" finished-at="2024-10-24T10:30:21 IST" duration-ms="3334" status="PASS">
          <reporter-output>
          </reporter-output>
        </test-method> <!-- validateclickDeals -->
        <test-method is-config="true" signature="teardown()[pri:0, instance:com.crm.qa.testcases.HomePageTest@61009542]" started-at="2024-10-24T10:30:21 IST" name="teardown" finished-at="2024-10-24T10:30:21 IST" duration-ms="137" status="PASS">
          <reporter-output>
          </reporter-output>
        </test-method> <!-- teardown -->
        <test-method is-config="true" signature="setup()[pri:0, instance:com.crm.qa.testcases.HomePageTest@61009542]" started-at="2024-10-24T10:30:21 IST" name="setup" finished-at="2024-10-24T10:30:56 IST" duration-ms="35459" status="PASS">
          <reporter-output>
          </reporter-output>
        </test-method> <!-- setup -->
        <test-method signature="validateclickTasks()[pri:5, instance:com.crm.qa.testcases.HomePageTest@61009542]" started-at="2024-10-24T10:30:56 IST" name="validateclickTasks" finished-at="2024-10-24T10:30:59 IST" duration-ms="2944" status="PASS">
          <reporter-output>
          </reporter-output>
        </test-method> <!-- validateclickTasks -->
        <test-method is-config="true" signature="teardown()[pri:0, instance:com.crm.qa.testcases.HomePageTest@61009542]" started-at="2024-10-24T10:30:59 IST" name="teardown" finished-at="2024-10-24T10:31:00 IST" duration-ms="160" status="PASS">
          <reporter-output>
          </reporter-output>
        </test-method> <!-- teardown -->
      </class> <!-- com.crm.qa.testcases.HomePageTest -->
      <class name="com.crm.qa.testcases.ContactsPageTest">
        <test-method is-config="true" signature="setup()[pri:0, instance:com.crm.qa.testcases.ContactsPageTest@797badd3]" started-at="2024-10-24T10:23:08 IST" name="setup" finished-at="2024-10-24T10:23:42 IST" duration-ms="34025" status="PASS">
          <reporter-output>
          </reporter-output>
        </test-method> <!-- setup -->
        <test-method signature="validateContactspage()[pri:1, instance:com.crm.qa.testcases.ContactsPageTest@797badd3]" started-at="2024-10-24T10:23:42 IST" name="validateContactspage" finished-at="2024-10-24T10:23:45 IST" duration-ms="3259" status="PASS">
          <reporter-output>
          </reporter-output>
        </test-method> <!-- validateContactspage -->
        <test-method is-config="true" signature="teardown()[pri:0, instance:com.crm.qa.testcases.ContactsPageTest@797badd3]" started-at="2024-10-24T10:23:45 IST" name="teardown" finished-at="2024-10-24T10:23:45 IST" duration-ms="144" status="PASS">
          <reporter-output>
          </reporter-output>
        </test-method> <!-- teardown -->
        <test-method is-config="true" signature="setup()[pri:0, instance:com.crm.qa.testcases.ContactsPageTest@797badd3]" started-at="2024-10-24T10:23:45 IST" name="setup" finished-at="2024-10-24T10:24:21 IST" duration-ms="35316" status="PASS">
          <reporter-output>
          </reporter-output>
        </test-method> <!-- setup -->
        <test-method signature="validateEnterNewConactsDetails(java.lang.String,java.lang.String,java.lang.String,java.lang.String)[pri:2, instance:com.crm.qa.testcases.ContactsPageTest@797badd3]" started-at="2024-10-24T10:24:21 IST" name="validateEnterNewConactsDetails" data-provider="getCRMTestData" finished-at="2024-10-24T10:25:14 IST" duration-ms="53601" status="PASS">
          <params>
            <param index="0">
              <value>
                <![CDATA[Mr.]]>
              </value>
            </param>
            <param index="1">
              <value>
                <![CDATA[Vighnesh]]>
              </value>
            </param>
            <param index="2">
              <value>
                <![CDATA[Prabhu]]>
              </value>
            </param>
            <param index="3">
              <value>
                <![CDATA[vighnesh2009@gmail.com]]>
              </value>
            </param>
          </params>
          <reporter-output>
          </reporter-output>
        </test-method> <!-- validateEnterNewConactsDetails -->
        <test-method is-config="true" signature="teardown()[pri:0, instance:com.crm.qa.testcases.ContactsPageTest@797badd3]" started-at="2024-10-24T10:25:14 IST" name="teardown" finished-at="2024-10-24T10:25:15 IST" duration-ms="173" status="PASS">
          <reporter-output>
          </reporter-output>
        </test-method> <!-- teardown -->
        <test-method is-config="true" signature="setup()[pri:0, instance:com.crm.qa.testcases.ContactsPageTest@797badd3]" started-at="2024-10-24T10:25:15 IST" name="setup" finished-at="2024-10-24T10:25:47 IST" duration-ms="32943" status="PASS">
          <reporter-output>
          </reporter-output>
        </test-method> <!-- setup -->
        <test-method signature="validateEnterNewConactsDetails(java.lang.String,java.lang.String,java.lang.String,java.lang.String)[pri:2, instance:com.crm.qa.testcases.ContactsPageTest@797badd3]" started-at="2024-10-24T10:25:47 IST" name="validateEnterNewConactsDetails" data-provider="getCRMTestData" finished-at="2024-10-24T10:26:40 IST" duration-ms="52789" status="PASS">
          <params>
            <param index="0">
              <value>
                <![CDATA[Mrs.]]>
              </value>
            </param>
            <param index="1">
              <value>
                <![CDATA[Deepa Vighnesh]]>
              </value>
            </param>
            <param index="2">
              <value>
                <![CDATA[Prabhu]]>
              </value>
            </param>
            <param index="3">
              <value>
                <![CDATA[deepavighnesh@gmail.com]]>
              </value>
            </param>
          </params>
          <reporter-output>
          </reporter-output>
        </test-method> <!-- validateEnterNewConactsDetails -->
        <test-method is-config="true" signature="teardown()[pri:0, instance:com.crm.qa.testcases.ContactsPageTest@797badd3]" started-at="2024-10-24T10:26:40 IST" name="teardown" finished-at="2024-10-24T10:26:40 IST" duration-ms="169" status="PASS">
          <reporter-output>
          </reporter-output>
        </test-method> <!-- teardown -->
        <test-method is-config="true" signature="setup()[pri:0, instance:com.crm.qa.testcases.ContactsPageTest@797badd3]" started-at="2024-10-24T10:26:40 IST" name="setup" finished-at="2024-10-24T10:27:13 IST" duration-ms="32187" status="PASS">
          <reporter-output>
          </reporter-output>
        </test-method> <!-- setup -->
        <test-method signature="validateEnterNewConactsDetails(java.lang.String,java.lang.String,java.lang.String,java.lang.String)[pri:2, instance:com.crm.qa.testcases.ContactsPageTest@797badd3]" started-at="2024-10-24T10:27:13 IST" name="validateEnterNewConactsDetails" data-provider="getCRMTestData" finished-at="2024-10-24T10:28:06 IST" duration-ms="53209" status="PASS">
          <params>
            <param index="0">
              <value>
                <![CDATA[Dr.]]>
              </value>
            </param>
            <param index="1">
              <value>
                <![CDATA[Pratham Vighnesh]]>
              </value>
            </param>
            <param index="2">
              <value>
                <![CDATA[Prabhu]]>
              </value>
            </param>
            <param index="3">
              <value>
                <![CDATA[prathamvighnesh@gmail.com]]>
              </value>
            </param>
          </params>
          <reporter-output>
          </reporter-output>
        </test-method> <!-- validateEnterNewConactsDetails -->
        <test-method is-config="true" signature="teardown()[pri:0, instance:com.crm.qa.testcases.ContactsPageTest@797badd3]" started-at="2024-10-24T10:28:06 IST" name="teardown" finished-at="2024-10-24T10:28:06 IST" duration-ms="179" status="PASS">
          <reporter-output>
          </reporter-output>
        </test-method> <!-- teardown -->
      </class> <!-- com.crm.qa.testcases.ContactsPageTest -->
      <class name="com.crm.qa.testcases.LoginPageTest">
        <test-method is-config="true" signature="setup()[pri:0, instance:com.crm.qa.testcases.LoginPageTest@77e9807f]" started-at="2024-10-24T10:31:00 IST" name="setup" finished-at="2024-10-24T10:31:16 IST" duration-ms="16189" status="PASS">
          <reporter-output>
          </reporter-output>
        </test-method> <!-- setup -->
        <test-method signature="validateLoginPageTitletest()[pri:1, instance:com.crm.qa.testcases.LoginPageTest@77e9807f]" started-at="2024-10-24T10:31:16 IST" name="validateLoginPageTitletest" finished-at="2024-10-24T10:31:16 IST" duration-ms="214" status="PASS">
          <reporter-output>
          </reporter-output>
        </test-method> <!-- validateLoginPageTitletest -->
        <test-method is-config="true" signature="teardown()[pri:0, instance:com.crm.qa.testcases.LoginPageTest@77e9807f]" started-at="2024-10-24T10:31:16 IST" name="teardown" finished-at="2024-10-24T10:31:16 IST" duration-ms="124" status="PASS">
          <reporter-output>
          </reporter-output>
        </test-method> <!-- teardown -->
        <test-method is-config="true" signature="setup()[pri:0, instance:com.crm.qa.testcases.LoginPageTest@77e9807f]" started-at="2024-10-24T10:31:16 IST" name="setup" finished-at="2024-10-24T10:31:32 IST" duration-ms="16325" status="PASS">
          <reporter-output>
          </reporter-output>
        </test-method> <!-- setup -->
        <test-method signature="validatefreecrmLinkTest()[pri:2, instance:com.crm.qa.testcases.LoginPageTest@77e9807f]" started-at="2024-10-24T10:31:32 IST" name="validatefreecrmLinkTest" finished-at="2024-10-24T10:31:33 IST" duration-ms="426" status="PASS">
          <reporter-output>
          </reporter-output>
        </test-method> <!-- validatefreecrmLinkTest -->
        <test-method is-config="true" signature="teardown()[pri:0, instance:com.crm.qa.testcases.LoginPageTest@77e9807f]" started-at="2024-10-24T10:31:33 IST" name="teardown" finished-at="2024-10-24T10:31:33 IST" duration-ms="121" status="PASS">
          <reporter-output>
          </reporter-output>
        </test-method> <!-- teardown -->
        <test-method is-config="true" signature="setup()[pri:0, instance:com.crm.qa.testcases.LoginPageTest@77e9807f]" started-at="2024-10-24T10:31:33 IST" name="setup" finished-at="2024-10-24T10:31:49 IST" duration-ms="15806" status="PASS">
          <reporter-output>
          </reporter-output>
        </test-method> <!-- setup -->
        <test-method signature="validatePricingLinkTest()[pri:3, instance:com.crm.qa.testcases.LoginPageTest@77e9807f]" started-at="2024-10-24T10:31:49 IST" name="validatePricingLinkTest" finished-at="2024-10-24T10:31:59 IST" duration-ms="10727" status="PASS">
          <reporter-output>
          </reporter-output>
        </test-method> <!-- validatePricingLinkTest -->
        <test-method is-config="true" signature="teardown()[pri:0, instance:com.crm.qa.testcases.LoginPageTest@77e9807f]" started-at="2024-10-24T10:31:59 IST" name="teardown" finished-at="2024-10-24T10:32:00 IST" duration-ms="130" status="PASS">
          <reporter-output>
          </reporter-output>
        </test-method> <!-- teardown -->
        <test-method is-config="true" signature="setup()[pri:0, instance:com.crm.qa.testcases.LoginPageTest@77e9807f]" started-at="2024-10-24T10:32:00 IST" name="setup" finished-at="2024-10-24T10:32:16 IST" duration-ms="16515" status="PASS">
          <reporter-output>
          </reporter-output>
        </test-method> <!-- setup -->
        <test-method signature="EnterLoginCredentialsTest()[pri:4, instance:com.crm.qa.testcases.LoginPageTest@77e9807f]" started-at="2024-10-24T10:32:16 IST" name="EnterLoginCredentialsTest" finished-at="2024-10-24T10:32:33 IST" duration-ms="16616" status="PASS">
          <reporter-output>
          </reporter-output>
        </test-method> <!-- EnterLoginCredentialsTest -->
        <test-method is-config="true" signature="teardown()[pri:0, instance:com.crm.qa.testcases.LoginPageTest@77e9807f]" started-at="2024-10-24T10:32:33 IST" name="teardown" finished-at="2024-10-24T10:32:33 IST" duration-ms="137" status="PASS">
          <reporter-output>
          </reporter-output>
        </test-method> <!-- teardown -->
        <test-method is-config="true" signature="setup()[pri:0, instance:com.crm.qa.testcases.LoginPageTest@77e9807f]" started-at="2024-10-24T10:32:33 IST" name="setup" finished-at="2024-10-24T10:32:49 IST" duration-ms="15966" status="PASS">
          <reporter-output>
          </reporter-output>
        </test-method> <!-- setup -->
        <test-method signature="LogoutTest()[pri:4, instance:com.crm.qa.testcases.LoginPageTest@77e9807f]" started-at="2024-10-24T10:32:49 IST" name="LogoutTest" finished-at="2024-10-24T10:33:37 IST" duration-ms="47896" status="FAIL">
          <exception class="org.openqa.selenium.NoSuchElementException">
            <message>
              <![CDATA[no such element: Unable to locate element: {"method":"xpath","selector":"//a[@class='navbar-brand']"}
  (Session info: chrome=130.0.6723.70)
For documentation on this error, please visit: https://www.selenium.dev/documentation/webdriver/troubleshooting/errors#no-such-element-exception
Build info: version: '4.19.1', revision: 'abe0ee07dc'
System info: os.name: 'Mac OS X', os.arch: 'aarch64', os.version: '14.5', java.version: '21.0.1'
Driver info: org.openqa.selenium.chrome.ChromeDriver
Command: [44ea807d0a4a76e712fc1b50c415b8aa, findElement {value=//a[@class='navbar-brand'], using=xpath}]
Capabilities {acceptInsecureCerts: false, browserName: chrome, browserVersion: 130.0.6723.70, chrome: {chromedriverVersion: 130.0.6723.69 (3ec172b971b9..., userDataDir: /var/folders/zr/n2hh0m317vj...}, fedcm:accounts: true, goog:chromeOptions: {debuggerAddress: localhost:57874}, networkConnectionEnabled: false, pageLoadStrategy: normal, platformName: mac, proxy: Proxy(), se:cdp: ws://localhost:57874/devtoo..., se:cdpVersion: 130.0.6723.70, setWindowRect: true, strictFileInteractability: false, timeouts: {implicit: 0, pageLoad: 300000, script: 30000}, unhandledPromptBehavior: dismiss and notify, webauthn:extension:credBlob: true, webauthn:extension:largeBlob: true, webauthn:extension:minPinLength: true, webauthn:extension:prf: true, webauthn:virtualAuthenticators: true}
Session ID: 44ea807d0a4a76e712fc1b50c415b8aa]]>
            </message>
            <full-stacktrace>
              <![CDATA[org.openqa.selenium.NoSuchElementException: no such element: Unable to locate element: {"method":"xpath","selector":"//a[@class='navbar-brand']"}
  (Session info: chrome=130.0.6723.70)
For documentation on this error, please visit: https://www.selenium.dev/documentation/webdriver/troubleshooting/errors#no-such-element-exception
Build info: version: '4.19.1', revision: 'abe0ee07dc'
System info: os.name: 'Mac OS X', os.arch: 'aarch64', os.version: '14.5', java.version: '21.0.1'
Driver info: org.openqa.selenium.chrome.ChromeDriver
Command: [44ea807d0a4a76e712fc1b50c415b8aa, findElement {value=//a[@class='navbar-brand'], using=xpath}]
Capabilities {acceptInsecureCerts: false, browserName: chrome, browserVersion: 130.0.6723.70, chrome: {chromedriverVersion: 130.0.6723.69 (3ec172b971b9..., userDataDir: /var/folders/zr/n2hh0m317vj...}, fedcm:accounts: true, goog:chromeOptions: {debuggerAddress: localhost:57874}, networkConnectionEnabled: false, pageLoadStrategy: normal, platformName: mac, proxy: Proxy(), se:cdp: ws://localhost:57874/devtoo..., se:cdpVersion: 130.0.6723.70, setWindowRect: true, strictFileInteractability: false, timeouts: {implicit: 0, pageLoad: 300000, script: 30000}, unhandledPromptBehavior: dismiss and notify, webauthn:extension:credBlob: true, webauthn:extension:largeBlob: true, webauthn:extension:minPinLength: true, webauthn:extension:prf: true, webauthn:virtualAuthenticators: true}
Session ID: 44ea807d0a4a76e712fc1b50c415b8aa
at java.base/jdk.internal.reflect.DirectConstructorHandleAccessor.newInstance(DirectConstructorHandleAccessor.java:62)
at java.base/java.lang.reflect.Constructor.newInstanceWithCaller(Constructor.java:502)
at java.base/java.lang.reflect.Constructor.newInstance(Constructor.java:486)
at org.openqa.selenium.remote.ErrorCodec.decode(ErrorCodec.java:167)
at org.openqa.selenium.remote.codec.w3c.W3CHttpResponseCodec.decode(W3CHttpResponseCodec.java:138)
at org.openqa.selenium.remote.codec.w3c.W3CHttpResponseCodec.decode(W3CHttpResponseCodec.java:50)
at org.openqa.selenium.remote.HttpCommandExecutor.execute(HttpCommandExecutor.java:190)
at org.openqa.selenium.remote.service.DriverCommandExecutor.invokeExecute(DriverCommandExecutor.java:216)
at org.openqa.selenium.remote.service.DriverCommandExecutor.execute(DriverCommandExecutor.java:174)
at org.openqa.selenium.remote.RemoteWebDriver.execute(RemoteWebDriver.java:518)
at org.openqa.selenium.remote.ElementLocation$ElementFinder$2.findElement(ElementLocation.java:165)
at org.openqa.selenium.remote.ElementLocation.findElement(ElementLocation.java:59)
at org.openqa.selenium.remote.RemoteWebDriver.findElement(RemoteWebDriver.java:355)
at org.openqa.selenium.remote.RemoteWebDriver.findElement(RemoteWebDriver.java:349)
at org.openqa.selenium.support.pagefactory.DefaultElementLocator.findElement(DefaultElementLocator.java:68)
at org.openqa.selenium.support.pagefactory.internal.LocatingElementHandler.invoke(LocatingElementHandler.java:38)
at jdk.proxy2/jdk.proxy2.$Proxy10.isDisplayed(Unknown Source)
at com.crm.qa.pages.LoginPage.validatefreecrmLink(LoginPage.java:51)
at com.crm.qa.testcases.LoginPageTest.LogoutTest(LoginPageTest.java:60)
at java.base/jdk.internal.reflect.DirectMethodHandleAccessor.invoke(DirectMethodHandleAccessor.java:103)
at java.base/java.lang.reflect.Method.invoke(Method.java:580)
at org.testng.internal.invokers.MethodInvocationHelper.invokeMethod(MethodInvocationHelper.java:141)
at org.testng.internal.invokers.TestInvoker.invokeMethod(TestInvoker.java:686)
at org.testng.internal.invokers.TestInvoker.invokeTestMethod(TestInvoker.java:230)
at org.testng.internal.invokers.MethodRunner.runInSequence(MethodRunner.java:63)
at org.testng.internal.invokers.TestInvoker$MethodInvocationAgent.invoke(TestInvoker.java:992)
at org.testng.internal.invokers.TestInvoker.invokeTestMethods(TestInvoker.java:203)
at org.testng.internal.invokers.TestMethodWorker.invokeTestMethods(TestMethodWorker.java:154)
at org.testng.internal.invokers.TestMethodWorker.run(TestMethodWorker.java:134)
at java.base/java.util.ArrayList.forEach(ArrayList.java:1596)
at org.testng.TestRunner.privateRun(TestRunner.java:739)
at org.testng.TestRunner.run(TestRunner.java:614)
at org.testng.SuiteRunner.runTest(SuiteRunner.java:421)
at org.testng.SuiteRunner.runSequentially(SuiteRunner.java:413)
at org.testng.SuiteRunner.privateRun(SuiteRunner.java:373)
at org.testng.SuiteRunner.run(SuiteRunner.java:312)
at org.testng.SuiteRunnerWorker.runSuite(SuiteRunnerWorker.java:52)
at org.testng.SuiteRunnerWorker.run(SuiteRunnerWorker.java:95)
at org.testng.TestNG.runSuitesSequentially(TestNG.java:1274)
at org.testng.TestNG.runSuitesLocally(TestNG.java:1208)
at org.testng.TestNG.runSuites(TestNG.java:1112)
at org.testng.TestNG.run(TestNG.java:1079)
at org.apache.maven.surefire.testng.TestNGExecutor.run(TestNGExecutor.java:135)
at org.apache.maven.surefire.testng.TestNGDirectoryTestSuite.executeMulti(TestNGDirectoryTestSuite.java:193)
at org.apache.maven.surefire.testng.TestNGDirectoryTestSuite.execute(TestNGDirectoryTestSuite.java:94)
at org.apache.maven.surefire.testng.TestNGProvider.invoke(TestNGProvider.java:146)
at org.apache.maven.surefire.booter.ForkedBooter.invokeProviderInSameClassLoader(ForkedBooter.java:384)
at org.apache.maven.surefire.booter.ForkedBooter.runSuitesInProcess(ForkedBooter.java:345)
at org.apache.maven.surefire.booter.ForkedBooter.execute(ForkedBooter.java:126)
at org.apache.maven.surefire.booter.ForkedBooter.main(ForkedBooter.java:418)
]]>
            </full-stacktrace>
          </exception> <!-- org.openqa.selenium.NoSuchElementException -->
          <reporter-output>
          </reporter-output>
        </test-method> <!-- LogoutTest -->
        <test-method is-config="true" signature="teardown()[pri:0, instance:com.crm.qa.testcases.LoginPageTest@77e9807f]" started-at="2024-10-24T10:33:37 IST" name="teardown" finished-at="2024-10-24T10:33:37 IST" duration-ms="154" status="PASS">
          <reporter-output>
          </reporter-output>
        </test-method> <!-- teardown -->
      </class> <!-- com.crm.qa.testcases.LoginPageTest -->
    </test> <!-- Surefire test -->
  </suite> <!-- Surefire suite -->
</testng-results>
