<?xml version="1.0" encoding="UTF-8"?>
<testng-results ignored="0" total="3" passed="3" failed="0" skipped="0">
  <reporter-output>
  </reporter-output>
  <suite started-at="2024-05-01T12:01:46 IST" name="Default suite" finished-at="2024-05-01T12:06:14 IST" duration-ms="267562">
    <groups>
    </groups>
    <test started-at="2024-05-01T12:01:46 IST" name="Default test" finished-at="2024-05-01T12:06:14 IST" duration-ms="267562">
      <class name="com.crm.qa.testcases.ContactsPageTest">
        <test-method is-config="true" signature="setup()[pri:0, instance:com.crm.qa.testcases.ContactsPageTest@4145bad8]" started-at="2024-05-01T12:01:47 IST" name="setup" finished-at="2024-05-01T12:02:15 IST" duration-ms="27603" status="PASS">
          <reporter-output>
          </reporter-output>
        </test-method> <!-- setup -->
        <test-method signature="validateEnterNewConactsDetails(java.lang.String,java.lang.String,java.lang.String,java.lang.String)[pri:2, instance:com.crm.qa.testcases.ContactsPageTest@4145bad8]" started-at="2024-05-01T12:02:15 IST" name="validateEnterNewConactsDetails" data-provider="getCRMTestData" finished-at="2024-05-01T12:03:08 IST" duration-ms="53317" status="PASS">
          <params>
            <param index="0">
              <value>
                <![CDATA[Mr.]]>
              </value>
            </param>
            <param index="1">
              <value>
                <![CDATA[Vighnesh]]>
              </value>
            </param>
            <param index="2">
              <value>
                <![CDATA[Prabhu]]>
              </value>
            </param>
            <param index="3">
              <value>
                <![CDATA[vighnesh2009@gmail.com]]>
              </value>
            </param>
          </params>
          <reporter-output>
          </reporter-output>
        </test-method> <!-- validateEnterNewConactsDetails -->
        <test-method is-config="true" signature="teardown()[pri:0, instance:com.crm.qa.testcases.ContactsPageTest@4145bad8]" started-at="2024-05-01T12:03:08 IST" name="teardown" finished-at="2024-05-01T12:03:08 IST" duration-ms="211" status="PASS">
          <reporter-output>
          </reporter-output>
        </test-method> <!-- teardown -->
        <test-method is-config="true" signature="setup()[pri:0, instance:com.crm.qa.testcases.ContactsPageTest@4145bad8]" started-at="2024-05-01T12:03:08 IST" name="setup" finished-at="2024-05-01T12:04:03 IST" duration-ms="54786" status="PASS">
          <reporter-output>
          </reporter-output>
        </test-method> <!-- setup -->
        <test-method signature="validateEnterNewConactsDetails(java.lang.String,java.lang.String,java.lang.String,java.lang.String)[pri:2, instance:com.crm.qa.testcases.ContactsPageTest@4145bad8]" started-at="2024-05-01T12:04:03 IST" name="validateEnterNewConactsDetails" data-provider="getCRMTestData" finished-at="2024-05-01T12:04:55 IST" duration-ms="51590" status="PASS">
          <params>
            <param index="0">
              <value>
                <![CDATA[Mrs.]]>
              </value>
            </param>
            <param index="1">
              <value>
                <![CDATA[Deepa Vighnesh]]>
              </value>
            </param>
            <param index="2">
              <value>
                <![CDATA[Prabhu]]>
              </value>
            </param>
            <param index="3">
              <value>
                <![CDATA[deepavighnesh@gmail.com]]>
              </value>
            </param>
          </params>
          <reporter-output>
          </reporter-output>
        </test-method> <!-- validateEnterNewConactsDetails -->
        <test-method is-config="true" signature="teardown()[pri:0, instance:com.crm.qa.testcases.ContactsPageTest@4145bad8]" started-at="2024-05-01T12:04:55 IST" name="teardown" finished-at="2024-05-01T12:04:55 IST" duration-ms="192" status="PASS">
          <reporter-output>
          </reporter-output>
        </test-method> <!-- teardown -->
        <test-method is-config="true" signature="setup()[pri:0, instance:com.crm.qa.testcases.ContactsPageTest@4145bad8]" started-at="2024-05-01T12:04:55 IST" name="setup" finished-at="2024-05-01T12:05:21 IST" duration-ms="25964" status="PASS">
          <reporter-output>
          </reporter-output>
        </test-method> <!-- setup -->
        <test-method signature="validateEnterNewConactsDetails(java.lang.String,java.lang.String,java.lang.String,java.lang.String)[pri:2, instance:com.crm.qa.testcases.ContactsPageTest@4145bad8]" started-at="2024-05-01T12:05:21 IST" name="validateEnterNewConactsDetails" data-provider="getCRMTestData" finished-at="2024-05-01T12:06:14 IST" duration-ms="52786" status="PASS">
          <params>
            <param index="0">
              <value>
                <![CDATA[Dr.]]>
              </value>
            </param>
            <param index="1">
              <value>
                <![CDATA[Pratham Vighnesh]]>
              </value>
            </param>
            <param index="2">
              <value>
                <![CDATA[Prabhu]]>
              </value>
            </param>
            <param index="3">
              <value>
                <![CDATA[prathamvighnesh@gmail.com]]>
              </value>
            </param>
          </params>
          <reporter-output>
          </reporter-output>
        </test-method> <!-- validateEnterNewConactsDetails -->
        <test-method is-config="true" signature="teardown()[pri:0, instance:com.crm.qa.testcases.ContactsPageTest@4145bad8]" started-at="2024-05-01T12:06:14 IST" name="teardown" finished-at="2024-05-01T12:06:14 IST" duration-ms="152" status="PASS">
          <reporter-output>
          </reporter-output>
        </test-method> <!-- teardown -->
      </class> <!-- com.crm.qa.testcases.ContactsPageTest -->
    </test> <!-- Default test -->
  </suite> <!-- Default suite -->
</testng-results>
